<?xml version="1.0" encoding="UTF-8"?>
<testsuite xmlns:xsi="http://www.w3.org/2001/XMLSchema-instance" xsi:noNamespaceSchemaLocation="https://maven.apache.org/surefire/maven-surefire-plugin/xsd/surefire-test-report.xsd" name="com.alexkampos.springcourse.restcontrollertests.ActorRestControllerTests" time="2.558" tests="5" errors="0" skipped="0" failures="0">
  <properties>
[...]
</properties>
  <testcase name="testDeleteActor" classname="com.alexkampos.springcourse.restcontrollertests.ActorRestControllerTests" time="0.301"/>
  <testcase name="testGetActor" classname="com.alexkampos.springcourse.restcontrollertests.ActorRestControllerTests" time="0.229"/>
  <testcase name="testUpdateActor" classname="com.alexkampos.springcourse.restcontrollertests.ActorRestControllerTests" time="0.154"/>
  <testcase name="testCreateActor" classname="com.alexkampos.springcourse.restcontrollertests.ActorRestControllerTests" time="0.012"/>
  <testcase name="testGetAllActors" classname="com.alexkampos.springcourse.restcontrollertests.ActorRestControllerTests" time="0.044"/>
</testsuite>